<?xml version="1.0" encoding="UTF-8"?>
<testng-results skipped="0" failed="0" ignored="0" total="2" passed="2">
  <reporter-output>
  </reporter-output>
  <suite name="Default suite" duration-ms="44070" started-at="2020-05-01T15:16:30Z" finished-at="2020-05-01T15:17:14Z">
    <groups>
    </groups>
    <test name="Default test" duration-ms="44070" started-at="2020-05-01T15:16:30Z" finished-at="2020-05-01T15:17:14Z">
      <class name="Academy.HomePage">
        <test-method status="PASS" signature="initialize()[pri:0, instance:Academy.HomePage@7b9a4292]" name="initialize" is-config="true" duration-ms="7640" started-at="2020-05-01T15:16:30Z" finished-at="2020-05-01T15:16:38Z">
          <reporter-output>
          </reporter-output>
        </test-method> <!-- initialize -->
        <test-method status="PASS" signature="basePageNavigation(java.lang.String, java.lang.String, java.lang.String)[pri:0, instance:Academy.HomePage@7b9a4292]" name="basePageNavigation" duration-ms="21106" started-at="2020-05-01T15:16:38Z" data-provider="getData" finished-at="2020-05-01T15:16:59Z">
          <params>
            <param index="0">
              <value>
                <![CDATA[nonrestricteduser@qw.com]]>
              </value>
            </param>
            <param index="1">
              <value>
                <![CDATA[123456]]>
              </value>
            </param>
            <param index="2">
              <value>
                <![CDATA[Restrcited User]]>
              </value>
            </param>
          </params>
          <reporter-output>
          </reporter-output>
        </test-method> <!-- basePageNavigation -->
        <test-method status="PASS" signature="basePageNavigation(java.lang.String, java.lang.String, java.lang.String)[pri:0, instance:Academy.HomePage@7b9a4292]" name="basePageNavigation" duration-ms="14916" started-at="2020-05-01T15:16:59Z" data-provider="getData" finished-at="2020-05-01T15:17:14Z">
          <params>
            <param index="0">
              <value>
                <![CDATA[restricteduser@qw.com]]>
              </value>
            </param>
            <param index="1">
              <value>
                <![CDATA[456788]]>
              </value>
            </param>
            <param index="2">
              <value>
                <![CDATA[Non restricted user]]>
              </value>
            </param>
          </params>
          <reporter-output>
          </reporter-output>
        </test-method> <!-- basePageNavigation -->
        <test-method status="PASS" signature="teardown()[pri:0, instance:Academy.HomePage@7b9a4292]" name="teardown" is-config="true" duration-ms="341" started-at="2020-05-01T15:17:14Z" finished-at="2020-05-01T15:17:14Z">
          <reporter-output>
          </reporter-output>
        </test-method> <!-- teardown -->
      </class> <!-- Academy.HomePage -->
    </test> <!-- Default test -->
  </suite> <!-- Default suite -->
</testng-results>
